app/build/outputs/logs/manifest-merger-release-report.txt
-- Merging decision tree log ---
manifest
ADDED from src\main\AndroidManifest.xml:2:1-59:12
	package
		ADDED from src\main\AndroidManifest.xml:3:5-37
		INJECTED from src\main\AndroidManifest.xml
		INJECTED from src\main\AndroidManifest.xml
	android:versionName
		ADDED from src\main\AndroidManifest.xml:5:5-32
		INJECTED from src\main\AndroidManifest.xml
		INJECTED from src\main\AndroidManifest.xml
	android:versionCode
		ADDED from src\main\AndroidManifest.xml:4:5-29
		INJECTED from src\main\AndroidManifest.xml
		INJECTED from src\main\AndroidManifest.xml
	xmlns:android
		ADDED from src\main\AndroidManifest.xml:2:11-69
uses-sdk
ADDED from src\main\AndroidManifest.xml:7:5-9:41
MERGED from [com.android.support:design:23.1.1] AndroidManifest.xml:20:5-43
MERGED from [com.android.support:appcompat-v7:23.1.1] AndroidManifest.xml:20:5-43
MERGED from [com.android.support:recyclerview-v7:23.1.1] AndroidManifest.xml:20:5-43
MERGED from [com.google.android.gms:play-services-ads:8.3.0] AndroidManifest.xml:23:5-42
MERGED from [com.google.android.gms:play-services-basement:8.3.0] AndroidManifest.xml:18:5-42
MERGED from [com.android.support:support-v4:23.1.1] AndroidManifest.xml:20:5-43
	android:targetSdkVersion
		ADDED from src\main\AndroidManifest.xml:9:9-38
		INJECTED from src\main\AndroidManifest.xml
		INJECTED from src\main\AndroidManifest.xml
	android:minSdkVersion
		ADDED from src\main\AndroidManifest.xml:8:9-35
		INJECTED from src\main\AndroidManifest.xml
		INJECTED from src\main\AndroidManifest.xml
uses-permission#android.permission.INTERNET
ADDED from src\main\AndroidManifest.xml:11:5-12:23
MERGED from [com.google.android.gms:play-services-ads:8.3.0] AndroidManifest.xml:20:5-66
	android:name
		ADDED from src\main\AndroidManifest.xml:11:22-64
uses-permission#android.permission.ACCESS_NETWORK_STATE
ADDED from src\main\AndroidManifest.xml:14:5-79
MERGED from [com.google.android.gms:play-services-ads:8.3.0] AndroidManifest.xml:21:5-78
	android:name
		ADDED from src\main\AndroidManifest.xml:14:22-76
uses-permission#android.permission.WAKE_LOCK
ADDED from src\main\AndroidManifest.xml:16:5-68
	android:name
		ADDED from src\main\AndroidManifest.xml:16:22-65
application
ADDED from src\main\AndroidManifest.xml:18:5-57:19
MERGED from [com.android.support:design:23.1.1] AndroidManifest.xml:22:5-20
MERGED from [com.android.support:appcompat-v7:23.1.1] AndroidManifest.xml:22:5-20
MERGED from [com.google.android.gms:play-services-ads:8.3.0] AndroidManifest.xml:24:5-32:19
MERGED from [com.google.android.gms:play-services-basement:8.3.0] AndroidManifest.xml:20:5-24:19
MERGED from [com.android.support:support-v4:23.1.1] AndroidManifest.xml:22:5-20
	android:label
		ADDED from src\main\AndroidManifest.xml:22:9-41
	android:allowBackup
		ADDED from src\main\AndroidManifest.xml:19:9-35
	android:icon
		ADDED from src\main\AndroidManifest.xml:20:9-45
	android:theme
		ADDED from src\main\AndroidManifest.xml:23:9-40
	android:name
		ADDED from src\main\AndroidManifest.xml:21:9-35
receiver#com.tbg.currencywidget.widget.CurrencyWidget
ADDED from src\main\AndroidManifest.xml:24:9-37:20
	android:label
		ADDED from src\main\AndroidManifest.xml:27:13-45
	android:icon
		ADDED from src\main\AndroidManifest.xml:26:13-58
	android:name
		ADDED from src\main\AndroidManifest.xml:25:13-72
intent-filter#android.appwidget.action.APPWIDGET_UPDATE+com.tbg.currencywidget.widget.UPDATE
ADDED from src\main\AndroidManifest.xml:28:13-31:29
action#android.appwidget.action.APPWIDGET_UPDATE
ADDED from src\main\AndroidManifest.xml:29:17-84
	android:name
		ADDED from src\main\AndroidManifest.xml:29:25-81
action#com.tbg.currencywidget.widget.UPDATE
ADDED from src\main\AndroidManifest.xml:30:17-78
	android:name
		ADDED from src\main\AndroidManifest.xml:30:25-76
meta-data#android.appwidget.provider
ADDED from src\main\AndroidManifest.xml:33:13-36:25
	android:resource
		ADDED from src\main\AndroidManifest.xml:35:17-56
	android:name
		ADDED from src\main\AndroidManifest.xml:34:17-58
receiver#com.tbg.currencywidget.widget.CurrencyWidgetBroadcastReceiver
ADDED from src\main\AndroidManifest.xml:38:9-98
	android:name
		ADDED from src\main\AndroidManifest.xml:38:19-95
provider#com.tbg.currencywidget.data.CurrenciesContentProvider
ADDED from src\main\AndroidManifest.xml:40:9-43:20
	android:authorities
		ADDED from src\main\AndroidManifest.xml:42:13-76
	android:name
		ADDED from src\main\AndroidManifest.xml:41:13-81
provider#com.tbg.currencywidget.data.CurrenciesRatesContentProvider
ADDED from src\main\AndroidManifest.xml:44:9-47:20
	android:authorities
		ADDED from src\main\AndroidManifest.xml:46:13-82
	android:name
		ADDED from src\main\AndroidManifest.xml:45:13-86
activity#com.tbg.currencywidget.CurrenciesActivity
ADDED from src\main\AndroidManifest.xml:49:9-56:20
	android:label
		ADDED from src\main\AndroidManifest.xml:51:13-45
	android:name
		ADDED from src\main\AndroidManifest.xml:50:13-69
intent-filter#android.intent.action.MAIN
ADDED from src\main\AndroidManifest.xml:53:13-55:29
action#android.intent.action.MAIN
ADDED from src\main\AndroidManifest.xml:54:17-69
	android:name
		ADDED from src\main\AndroidManifest.xml:54:25-66
activity#com.google.android.gms.ads.AdActivity
ADDED from [com.google.android.gms:play-services-ads:8.3.0] AndroidManifest.xml:26:9-29:64
	android:configChanges
		ADDED from [com.google.android.gms:play-services-ads:8.3.0] AndroidManifest.xml:28:13-122
	android:theme
		ADDED from [com.google.android.gms:play-services-ads:8.3.0] AndroidManifest.xml:29:13-61
	android:name
		ADDED from [com.google.android.gms:play-services-ads:8.3.0] AndroidManifest.xml:27:13-65
activity#com.google.android.gms.ads.purchase.InAppPurchaseActivity
ADDED from [com.google.android.gms:play-services-ads:8.3.0] AndroidManifest.xml:30:9-31:52
	android:theme
		ADDED from [com.google.android.gms:play-services-ads:8.3.0] AndroidManifest.xml:31:13-50
	android:name
		ADDED from [com.google.android.gms:play-services-ads:8.3.0] AndroidManifest.xml:30:19-91
meta-data#com.google.android.gms.version
ADDED from [com.google.android.gms:play-services-basement:8.3.0] AndroidManifest.xml:21:9-23:69
	android:value
		ADDED from [com.google.android.gms:play-services-basement:8.3.0] AndroidManifest.xml:23:13-66
	android:name
		ADDED from [com.google.android.gms:play-services-basement:8.3.0] AndroidManifest.xml:22:13-58